C51 COMPILER V8.08   MAIN                                                                  03/05/2012 19:46:55 PAGE 1   


C51 COMPILER V8.08, COMPILATION OF MODULE MAIN
OBJECT MODULE PLACED IN main.OBJ
COMPILER INVOKED BY: C:\Keil\C51\BIN\C51.EXE main.c BROWSE DEBUG OBJECTEXTEND

line level    source

   1          #include <REGX51.H>
   2          #include "serial.c"
   3          sbit forward = P0^0;
   4          sbit backward = P0^1;
   5          sbit left = P0^2;
   6          sbit right = P0^3;
   7          sbit mine = P3^2;
   8          sbit pir = P3^3;
   9          sbit ir = P2^0;
  10          void External_interrupt() interrupt 0
  11          {
  12   1              Transmit('x');
  13   1              EX0=0;  
  14   1      }
  15          void Externa2_interrupt() interrupt 2
  16          {
  17   1              Transmit('y');
  18   1              EX1=0;  
  19   1      } 
  20          
  21          void main()
  22          {
  23   1              unsigned char a;
  24   1              serial_init();
  25   1          EA=1;
  26   1              EX0=1;
  27   1              EX1=1;
  28   1              P0=0x00;
  29   1              while(1)
  30   1              {                                                                                                                                         
  31   2                      a=Receive();
  32   2                      if(a=='0')
  33   2                      {       
  34   3                      if(ir==0)
  35   3                      {
  36   4                          forward=0;
  37   4                              backward=0;
  38   4                              left=0;
  39   4                              right=0;
  40   4                      }
  41   3                      else
  42   3                      {
  43   4                              forward=1;
  44   4                              backward=0;
  45   4                              left=1;
  46   4                              right=0;
  47   4                 }
  48   3                      }
  49   2                      else if(a=='1')
  50   2                      {       
  51   3                              forward=0;
  52   3                              backward=1;
  53   3                              left=0;
  54   3                              right=1;
  55   3                      }
C51 COMPILER V8.08   MAIN                                                                  03/05/2012 19:46:55 PAGE 2   

  56   2                      else if(a=='2')
  57   2                      {       
  58   3                              forward=0;
  59   3                              backward=0;
  60   3                              left=1;
  61   3                              right=0;
  62   3                              delay(15);
  63   3                              left=0;                                 
  64   3                      }
  65   2                      else if(a=='3')
  66   2                      {       
  67   3                              forward=1;
  68   3                              backward=0;
  69   3                              left=0;
  70   3                              right=0;
  71   3                              delay(15);
  72   3                          forward=0;                                  
  73   3                      }
  74   2                      else if(a=='4')
  75   2                      {
  76   3                          forward=0;
  77   3                              backward=0;
  78   3                              left=0;
  79   3                              right=0;
  80   3                      }
  81   2                      EX0=1;
  82   2                      EX1=1;
  83   2              }       
  84   1      }


MODULE INFORMATION:   STATIC OVERLAYABLE
   CODE SIZE        =    220    ----
   CONSTANT SIZE    =   ----    ----
   XDATA SIZE       =   ----    ----
   PDATA SIZE       =   ----    ----
   DATA SIZE        =   ----    ----
   IDATA SIZE       =   ----    ----
   BIT SIZE         =   ----    ----
END OF MODULE INFORMATION.


C51 COMPILATION COMPLETE.  0 WARNING(S),  0 ERROR(S)
