C51 COMPILER V8.08   MAIN                                                                  02/22/2012 21:50:51 PAGE 1   


C51 COMPILER V8.08, COMPILATION OF MODULE MAIN
OBJECT MODULE PLACED IN main.OBJ
COMPILER INVOKED BY: C:\Keil\C51\BIN\C51.EXE main.c BROWSE DEBUG OBJECTEXTEND

line level    source

   1          #include <REGX51.H>
   2          #include "lcd.c"
   3          #include "serial.c"
   4          sbit buz = P0^0;
   5          sbit msw = P0^1; 
   6          //unsigned int tf=0,gf=0;
   7          void serial()interrupt 4
   8          {
   9   1              if(RI==1)
  10   1              {
  11   2                      if(SBUF=='x')
  12   2                      {
  13   3                              //tf=1;
  14   3                      lcdcmd(0x01);
  15   3                      lcdcmd(0x80);
  16   3                      lcddatastr("     Mine   ");
  17   3                      lcdcmd(0xC0);
  18   3                      lcddatastr("   Detected  ");
  19   3                              buz=0;
  20   3                              delay(65);                      
  21   3                                      buz=1;
  22   3                      }
  23   2                      else if(SBUF=='y')
  24   2                      {
  25   3                              //gf=1;
  26   3                       lcdcmd(0x01);
  27   3                      lcdcmd(0x80);
  28   3                      lcddatastr("    Human    ");
  29   3                      lcdcmd(0xC0);
  30   3                      lcddatastr("  Detected   ");
  31   3                      buz=0;
  32   3                      delay(65);                      
  33   3                      buz=1;
  34   3                 }
  35   2              RI=0;
  36   2              }
  37   1      }
  38          void main()
  39          {               
  40   1              lcd_init();
  41   1              serial_init();
  42   1              lcddatastr("   Military    ");
  43   1              lcdcmd(0xc0);
  44   1              lcddatastr("   Robot   ");
  45   1              delay(50);
  46   1              delay(50);
  47   1              delay(50);
  48   1              buz = 1;
  49   1              EA=1;
  50   1              ES=1;
  51   1      
  52   1              P2=0x1f;
  53   1              while(1)
  54   1              {
  55   2                if(msw==0)
C51 COMPILER V8.08   MAIN                                                                  02/22/2012 21:50:51 PAGE 2   

  56   2                 {
  57   3                      lcdcmd(0x01);
  58   3                      lcdcmd(0x80);
  59   3                      lcddatastr("Manual Mode");
  60   3                      delay(50);
  61   3                      delay(50);
  62   3                      delay(50);
  63   3                      while(P2==0x1f);
  64   3                      if(P2_0==0)
  65   3                      {
  66   4                      Transmit('0');
  67   4                      //lcdcmd(0x01);
  68   4                      lcdcmd(0xc0);
  69   4                      lcddatastr("Forward");
  70   4                              delay(50);
  71   4                              while(P2!=0x1f);        
  72   4                      
  73   4                      }
  74   3      
  75   3                      if(P2_1==0)
  76   3                      {
  77   4                      Transmit('1');
  78   4                      //lcdcmd(0x01);
  79   4                      lcdcmd(0xc0);
  80   4                      lcddatastr("Backward");
  81   4                              delay(50);
  82   4                      while(P2!=0x1f);
  83   4                      }
  84   3      
  85   3                      if(P2_2==0)
  86   3                      {
  87   4                      Transmit('2');
  88   4                      //lcdcmd(0x01);
  89   4                      lcdcmd(0xc0);
  90   4                      lcddatastr("Left");
  91   4                              delay(50);
  92   4                      while(P2!=0x1f);
  93   4                      }
  94   3      
  95   3                      if(P2_3==0)
  96   3                      {
  97   4                      Transmit('3');
  98   4                      //lcdcmd(0x01);
  99   4                      lcdcmd(0xc0);
 100   4                      lcddatastr("Right");
 101   4                              delay(50);
 102   4                      while(P2!=0x1f);
 103   4                      }
 104   3      
 105   3                      if(P2_4==0)
 106   3                      {
 107   4                      Transmit('4');
 108   4                      //lcdcmd(0x01);
 109   4                      lcdcmd(0xc0);
 110   4                      lcddatastr("Stop");
 111   4                              delay(50);
 112   4                      while(P2!=0x1f);
 113   4                      }
 114   3                      delay(50);
 115   3                 }
 116   2                 if(msw==1)
 117   2                 {
C51 COMPILER V8.08   MAIN                                                                  02/22/2012 21:50:51 PAGE 3   

 118   3                      lcdcmd(0x01);
 119   3                      lcdcmd(0x80);
 120   3                      lcddatastr("Automatic Mode");
 121   3                      delay(50);
 122   3                      delay(50);
 123   3                      delay(50);
 124   3                      Transmit('0');
 125   3                      lcdcmd(0xc0);
 126   3                      lcddatastr("Forward");
 127   3                      delay(50);
 128   3                      delay(50);
 129   3                 }
 130   2                      
 131   2      //              lcdcmd(0x80);
 132   2      //              lcddatastr("   Military     ");
 133   2      //              lcdcmd(0xc0);
 134   2      //              lcddatastr("   Robot        ");
 135   2              }       
 136   1      }


MODULE INFORMATION:   STATIC OVERLAYABLE
   CODE SIZE        =    604    ----
   CONSTANT SIZE    =    143    ----
   XDATA SIZE       =   ----    ----
   PDATA SIZE       =   ----    ----
   DATA SIZE        =   ----       5
   IDATA SIZE       =   ----    ----
   BIT SIZE         =   ----    ----
END OF MODULE INFORMATION.


C51 COMPILATION COMPLETE.  0 WARNING(S),  0 ERROR(S)
